2026-01-18 09:40:12,346 [INFO] Activator:176 - 


2026-01-18 09:40:12,350 [INFO] Activator:177 - !SESSION log4j initialized
2026-01-18 09:40:16,178 [INFO] LogOutputStream:77 - [STDOUT_REDIRECT] 
2026-01-18 10:13:15,512 [INFO] Activator:176 - 


2026-01-18 10:13:15,513 [INFO] Activator:177 - !SESSION log4j initialized
2026-01-18 10:13:16,801 [INFO] LogOutputStream:77 - [STDOUT_REDIRECT] 
2026-01-18 10:25:47,312 [ERROR] LogOutputStream:75 - [STDERR_REDIRECT] SLF4J: Failed to load class "org.slf4j.impl.StaticLoggerBinder".
2026-01-18 10:25:47,314 [ERROR] LogOutputStream:75 - [STDERR_REDIRECT] SLF4J: Defaulting to no-operation (NOP) logger implementation
2026-01-18 10:25:47,314 [ERROR] LogOutputStream:75 - [STDERR_REDIRECT] SLF4J: See http://www.slf4j.org/codes.html#StaticLoggerBinder for further details.
2026-01-18 16:01:32,146 [INFO] Activator:176 - 


2026-01-18 16:01:32,147 [INFO] Activator:177 - !SESSION log4j initialized
2026-01-18 16:01:35,517 [INFO] LogOutputStream:77 - [STDOUT_REDIRECT] 
2026-01-18 21:31:48,673 [INFO] Activator:176 - 


2026-01-18 21:31:48,677 [INFO] Activator:177 - !SESSION log4j initialized
2026-01-18 21:31:55,488 [INFO] LogOutputStream:77 - [STDOUT_REDIRECT] 
2026-01-18 21:37:37,411 [INFO] Activator:176 - 


2026-01-18 21:37:37,414 [INFO] Activator:177 - !SESSION log4j initialized
2026-01-18 21:37:43,891 [INFO] LogOutputStream:77 - [STDOUT_REDIRECT] 
2026-01-18 21:43:10,833 [INFO] Activator:176 - 


2026-01-18 21:43:10,837 [INFO] Activator:177 - !SESSION log4j initialized
2026-01-18 21:43:17,000 [INFO] LogOutputStream:77 - [STDOUT_REDIRECT] 
