2025-12-10 12:19:34,364 [INFO] Activator:176 - 


2025-12-10 12:19:34,367 [INFO] Activator:177 - !SESSION log4j initialized
2025-12-10 12:19:36,813 [ERROR] LogOutputStream:75 - [STDERR_REDIRECT] dic 10, 2025 12:19:36 PM java.util.prefs.FileSystemPreferences$6 run
2025-12-10 12:19:36,814 [ERROR] LogOutputStream:75 - [STDERR_REDIRECT] AVVERTENZA: Prefs file removed in background /home/emilio/.java/.userPrefs/com/st/library/analyticscore/prefs.xml
2025-12-10 12:19:36,814 [ERROR] LogOutputStream:75 - [STDERR_REDIRECT] 
2025-12-10 12:19:37,150 [ERROR] LogOutputStream:75 - [STDERR_REDIRECT] dic 10, 2025 12:19:37 PM org.apache.lucene.internal.vectorization.VectorizationProvider lookup
2025-12-10 12:19:37,151 [ERROR] LogOutputStream:75 - [STDERR_REDIRECT] AVVERTENZA: Java vector incubator module is not readable. For optimal vector performance, pass '--add-modules jdk.incubator.vector' to enable Vector API.
2025-12-10 12:19:37,151 [ERROR] LogOutputStream:75 - [STDERR_REDIRECT] 
2025-12-10 12:19:42,163 [INFO] LogOutputStream:77 - [STDOUT_REDIRECT] 
2025-12-10 12:21:03,346 [ERROR] LogOutputStream:75 - [STDERR_REDIRECT] SWT SessionManagerDBus: Failed to UnregisterClient: GDBus.Error:org.freedesktop.DBus.Error.NoReply: Message recipient disconnected from message bus without replying
2025-12-10 12:21:03,734 [ERROR] LogOutputStream:75 - [STDERR_REDIRECT] 
2025-12-10 12:47:50,024 [INFO] Activator:176 - 


2025-12-10 12:47:50,025 [INFO] Activator:177 - !SESSION log4j initialized
2025-12-10 12:47:53,110 [ERROR] LogOutputStream:75 - [STDERR_REDIRECT] dic 10, 2025 12:47:53 PM java.util.prefs.FileSystemPreferences$6 run
2025-12-10 12:47:53,110 [ERROR] LogOutputStream:75 - [STDERR_REDIRECT] AVVERTENZA: Prefs file removed in background /home/emilio/.java/.userPrefs/com/st/library/analyticscore/prefs.xml
2025-12-10 12:47:53,111 [ERROR] LogOutputStream:75 - [STDERR_REDIRECT] 
2025-12-10 12:47:53,330 [ERROR] LogOutputStream:75 - [STDERR_REDIRECT] dic 10, 2025 12:47:53 PM org.apache.lucene.internal.vectorization.VectorizationProvider lookup
2025-12-10 12:47:53,330 [ERROR] LogOutputStream:75 - [STDERR_REDIRECT] AVVERTENZA: Java vector incubator module is not readable. For optimal vector performance, pass '--add-modules jdk.incubator.vector' to enable Vector API.
2025-12-10 12:47:53,330 [ERROR] LogOutputStream:75 - [STDERR_REDIRECT] 
2025-12-10 12:47:58,810 [INFO] LogOutputStream:77 - [STDOUT_REDIRECT] 
2025-12-10 16:26:28,619 [ERROR] LogOutputStream:75 - [STDERR_REDIRECT] 
2025-12-10 16:27:00,013 [INFO] Activator:176 - 


2025-12-10 16:27:00,015 [INFO] Activator:177 - !SESSION log4j initialized
2025-12-10 16:27:01,611 [ERROR] LogOutputStream:75 - [STDERR_REDIRECT] dic 10, 2025 4:27:01 PM org.apache.lucene.internal.vectorization.VectorizationProvider lookup
2025-12-10 16:27:01,613 [ERROR] LogOutputStream:75 - [STDERR_REDIRECT] AVVERTENZA: Java vector incubator module is not readable. For optimal vector performance, pass '--add-modules jdk.incubator.vector' to enable Vector API.
2025-12-10 16:27:01,613 [ERROR] LogOutputStream:75 - [STDERR_REDIRECT] 
2025-12-10 16:27:01,942 [INFO] LogOutputStream:77 - [STDOUT_REDIRECT] 
2025-12-10 16:27:37,329 [ERROR] LogOutputStream:75 - [STDERR_REDIRECT] 
