2026-01-10 09:13:33,539 [INFO] Activator:176 - 


2026-01-10 09:13:33,543 [INFO] Activator:177 - !SESSION log4j initialized
2026-01-10 09:13:36,719 [INFO] LogOutputStream:77 - [STDOUT_REDIRECT] 
2026-01-10 14:43:20,777 [INFO] Activator:176 - 


2026-01-10 14:43:20,778 [INFO] Activator:177 - !SESSION log4j initialized
2026-01-10 14:43:24,473 [INFO] LogOutputStream:77 - [STDOUT_REDIRECT] 
2026-01-10 17:49:06,861 [INFO] LogOutputStream:77 - [STDOUT_REDIRECT] StartTraceHandler.execute(), success : Collect=true
2026-01-10 17:49:11,278 [INFO] LogOutputStream:77 - [STDOUT_REDIRECT] StartTraceHandler.execute(), success : Collect=false
2026-01-10 17:49:12,485 [INFO] LogOutputStream:77 - [STDOUT_REDIRECT] StartTraceHandler.execute(), success : Collect=true
2026-01-10 17:49:13,318 [INFO] LogOutputStream:77 - [STDOUT_REDIRECT] StartTraceHandler.execute(), success : Collect=false
2026-01-10 17:49:14,507 [INFO] LogOutputStream:77 - [STDOUT_REDIRECT] StartTraceHandler.execute(), success : Collect=true
2026-01-10 17:49:15,441 [INFO] LogOutputStream:77 - [STDOUT_REDIRECT] StartTraceHandler.execute(), success : Collect=false
2026-01-10 17:49:16,112 [INFO] LogOutputStream:77 - [STDOUT_REDIRECT] StartTraceHandler.execute(), success : Collect=true
2026-01-10 17:49:16,418 [INFO] LogOutputStream:77 - [STDOUT_REDIRECT] StartTraceHandler.execute(), success : Collect=false
2026-01-10 17:49:29,343 [INFO] LogOutputStream:77 - [STDOUT_REDIRECT] StartTraceHandler.execute(), success : Collect=true
2026-01-10 17:49:30,362 [INFO] LogOutputStream:77 - [STDOUT_REDIRECT] StartTraceHandler.execute(), success : Collect=false
2026-01-10 17:49:31,922 [INFO] LogOutputStream:77 - [STDOUT_REDIRECT] StartTraceHandler.execute(), success : Collect=true
2026-01-10 17:49:33,466 [INFO] LogOutputStream:77 - [STDOUT_REDIRECT] StartTraceHandler.execute(), success : Collect=false
2026-01-10 17:49:40,145 [INFO] LogOutputStream:77 - [STDOUT_REDIRECT] StartTraceHandler.execute(), success : Collect=true
2026-01-10 17:49:41,116 [INFO] LogOutputStream:77 - [STDOUT_REDIRECT] StartTraceHandler.execute(), success : Collect=false
2026-01-10 17:49:53,675 [INFO] LogOutputStream:77 - [STDOUT_REDIRECT] StartTraceHandler.execute(), success : Collect=true
2026-01-10 17:50:10,539 [INFO] LogOutputStream:77 - [STDOUT_REDIRECT] StartTraceHandler.execute(), success : Collect=false
2026-01-10 17:50:10,959 [INFO] LogOutputStream:77 - [STDOUT_REDIRECT] StartTraceHandler.execute(), success : Collect=true
2026-01-10 17:50:11,116 [INFO] LogOutputStream:77 - [STDOUT_REDIRECT] StartTraceHandler.execute(), success : Collect=false
